<?xml version="1.0" encoding="UTF-8"?>
<testng-results skipped="0" failed="0" ignored="0" total="1" passed="1">
  <reporter-output>
  </reporter-output>
  <suite name="Default suite" duration-ms="13548" started-at="2020-04-23T20:22:04 IST" finished-at="2020-04-23T20:22:18 IST">
    <groups>
    </groups>
    <test name="Default test" duration-ms="13548" started-at="2020-04-23T20:22:04 IST" finished-at="2020-04-23T20:22:18 IST">
      <class name="Resurrection_JenkinsParameter.Resurrection_JenkinsParameter.TestCaseOne">
        <test-method status="PASS" signature="demoRun()[pri:0, instance:Resurrection_JenkinsParameter.Resurrection_JenkinsParameter.TestCaseOne@22a67b4]" name="demoRun" duration-ms="13485" started-at="2020-04-23T20:22:04 IST" finished-at="2020-04-23T20:22:18 IST">
          <reporter-output>
          </reporter-output>
        </test-method> <!-- demoRun -->
      </class> <!-- Resurrection_JenkinsParameter.Resurrection_JenkinsParameter.TestCaseOne -->
    </test> <!-- Default test -->
  </suite> <!-- Default suite -->
</testng-results>
